Arguments: 
  C:\Program Files\nodejs\node.exe C:\Users\remlh\AppData\Roaming\npm\node_modules\yarn\bin\yarn.js install

PATH: 
  C:\Users\remlh\AppData\Roaming\npm;C:\Program Files\nodejs\;C:\Python27\;C:\Python27\Scripts;C:\Program Files (x86)\Common Files\Intel\Shared Libraries\redist\intel64\compiler;C:\Program Files (x86)\Intel\iCLS Client\;C:\Program Files\Intel\iCLS Client\;C:\Windows\system32;C:\Windows;C:\Windows\System32\Wbem;C:\Windows\System32\WindowsPowerShell\v1.0\;C:\Program Files (x86)\Intel\Intel(R) Management Engine Components\DAL;C:\Program Files\Intel\Intel(R) Management Engine Components\DAL;C:\Program Files (x86)\Intel\Intel(R) Management Engine Components\IPT;C:\Program Files\Intel\Intel(R) Management Engine Components\IPT;C:\Program Files\Intel\WiFi\bin\;C:\Program Files\Common Files\Intel\WirelessCommon\;C:\WINDOWS\system32;C:\WINDOWS;C:\WINDOWS\System32\Wbem;C:\WINDOWS\System32\WindowsPowerShell\v1.0\;C:\Program Files (x86)\GtkSharp\2.12\bin;C:\Program Files\Microsoft SQL Server\130\Tools\Binn\;C:\Program Files\dotnet\;C:\Program Files\Common Files\Autodesk Shared\;C:\WINDOWS\System32\OpenSSH\;C:\Program Files (x86)\Windows Kits\8.1\Windows Performance Toolkit\;C:\Program Files\Microsoft VS Code\bin;D:\Git\cmd;D:\travail\muse;C:\ProgramData\chocolatey\bin;C:\Program Files\nodejs\;C:\Program Files\Java\jdk1.8.0_211\bin;C:\Users\remlh\AppData\Local\Android\Sdk\platform-tools;D:\travail\Watchman;C:\Program Files (x86)\Yarn\bin;C:\Program Files\Java\gradle\bin;C:\Program Files\Java\gradle;C:\Users\remlh\Documents\node\node-v10.12.0-win-x64;C:\Python27\Lib\site-packages\PyQt4;C:\Python2;C:\Users\remlh\AppData\Roaming\npm;C:\Users\remlh\AppData\Local\Yarn\bin;"D:\travail\gradle\bin;"

Yarn version: 
  1.16.0

Node version: 
  12.4.0

Platform: 
  win32 x64

Trace: 
  Error: https://registry.yarnpkg.com/@types/babel__core/-/babel__core-7.1.2.tgz: ENOSPC: no space left on device, write

npm manifest: 
  {
    "name": "eeg101",
    "version": "0.0.1",
    "private": true,
    "scripts": {
      "start": "node node_modules/react-native/local-cli/cli.js start",
      "test": "jest"
    },
    "dependencies": {
      "babel-eslint": "^8.0.0",
      "core-js": "3.1.4",
      "covgen": "3.1.0",
      "eslint-plugin-react-native": "3.7.0",
      "global": "4.4.0",
      "lodash": "4.17.11",
      "lottie": "^0.0.1",
      "lottie-react-native": "2.6.1",
      "react": "16.8.6",
      "react-addons-pure-render-mixin": "15.6.2",
      "react-dom": "16.8.6",
      "react-native": "0.59.9",
      "react-native-drawer": "2.5.1",
      "react-native-i18n": "2.0.15",
      "react-native-responsive": "^1.0.2",
      "react-native-svg": "9.5.1",
      "react-native-torch": "1.1.5",
      "react-native-responsive": "1.0.2",
      "react-redux": "7.1.0",
      "react-router-native": "5.0.1",
      "redux": "4.0.1",
      "redux-thunk": "2.3.0",
      "victory-native": "32.0.2"
    },
    "jest": {
      "preset": "jest-react-native"
    },
    "devDependencies": {
      "@babel/core": "7.5.0",
      "@babel/preset-env": "7.5.0",
      "@babel/runtime": "7.5.0",
      "babel-jest": "^24.8.0",
      "babel-preset-react-native": "5.0.2",
      "eslint": "5.16.0",
      "eslint-plugin-react": "7.14.2",
      "jest": "^24.8.0",
      "jest-react-native": "18.0.0",
      "metro-react-native-babel-preset": "0.54.1",
      "react-test-renderer": "^16.8.6",
      "whatwg-fetch": "3.0.0"
    },
    "description": "An interactive EEG tutorial app",
    "main": "index.android.js",
    "repository": {
      "type": "git",
      "url": "git+https://github.com/NeuroTechX/eeg-101.git"
    },
    "keywords": [
      "EEG",
      "React",
      "Native",
      "Muse",
      "NeuroTechX"
    ],
    "author": "KBDGroup",
    "license": "ISC",
    "bugs": {
      "url": "https://github.com/NeuroTechX/eeg-101/issues"
    },
    "homepage": "https://github.com/NeuroTechX/eeg-101#readme"
  }

yarn manifest: 
  No manifest

Lockfile: 
  No lockfile
